Started GET "/" for ::1 at 2020-10-16 15:14:57 +0500
Processing by Rails::WelcomeController#index as HTML
  Rendering /home/egor/.rvm/gems/ruby-2.7.1/gems/railties-5.2.4.4/lib/rails/templates/rails/welcome/index.html.erb
  Rendered /home/egor/.rvm/gems/ruby-2.7.1/gems/railties-5.2.4.4/lib/rails/templates/rails/welcome/index.html.erb (4.1ms)
Completed 200 OK in 70ms (Views: 13.7ms | ActiveRecord: 0.0ms)


Started GET "/" for ::1 at 2020-10-16 15:19:58 +0500
Processing by PagesController#pages as HTML
  Rendering pages/pages.html.erb within layouts/application
  Rendered pages/pages.html.erb within layouts/application (1.0ms)
Completed 200 OK in 5370ms (Views: 5357.1ms | ActiveRecord: 0.0ms)


Started GET "/" for ::1 at 2020-10-16 15:21:40 +0500
Processing by PagesController#pages as HTML
  Rendering pages/pages.html.erb within layouts/application
  Rendered pages/pages.html.erb within layouts/application (4.2ms)
Completed 200 OK in 142ms (Views: 127.7ms | ActiveRecord: 0.0ms)


Started GET "/" for ::1 at 2020-10-16 23:26:37 +0500
Processing by PagesController#pages as HTML
  Rendering pages/pages.html.erb within layouts/application
  Rendered pages/pages.html.erb within layouts/application (0.9ms)
Completed 200 OK in 555ms (Views: 544.3ms | ActiveRecord: 0.0ms)


Started GET "/" for ::1 at 2020-10-16 23:26:42 +0500
Processing by PagesController#pages as HTML
  Rendering pages/pages.html.erb within layouts/application
  Rendered pages/pages.html.erb within layouts/application (0.4ms)
Completed 200 OK in 85ms (Views: 83.6ms | ActiveRecord: 0.0ms)


Started GET "/" for ::1 at 2020-10-16 23:26:43 +0500
Processing by PagesController#pages as HTML
  Rendering pages/pages.html.erb within layouts/application
  Rendered pages/pages.html.erb within layouts/application (0.3ms)
Completed 200 OK in 90ms (Views: 89.0ms | ActiveRecord: 0.0ms)


Started GET "/" for ::1 at 2020-10-16 23:26:44 +0500
Processing by PagesController#pages as HTML
  Rendering pages/pages.html.erb within layouts/application
  Rendered pages/pages.html.erb within layouts/application (0.3ms)
Completed 200 OK in 78ms (Views: 76.8ms | ActiveRecord: 0.0ms)


Started GET "/" for ::1 at 2020-10-17 01:40:01 +0500
Processing by PagesController#pages as HTML
  Rendering pages/pages.html.erb within layouts/application
  Rendered pages/pages.html.erb within layouts/application (0.5ms)
Completed 200 OK in 4444ms (Views: 4438.6ms | ActiveRecord: 0.0ms)


Started GET "/" for ::1 at 2020-10-17 01:46:09 +0500
Processing by PagesController#pages as HTML
  Rendering pages/pages.html.erb within layouts/application
  Rendered pages/pages.html.erb within layouts/application (1.3ms)
Completed 200 OK in 129ms (Views: 125.9ms | ActiveRecord: 0.0ms)


Started GET "/" for ::1 at 2020-10-17 03:13:17 +0500
Processing by PagesController#pages as HTML
  Rendering pages/pages.html.erb within layouts/application
  Rendered pages/pages.html.erb within layouts/application (0.3ms)
Completed 200 OK in 79ms (Views: 77.9ms | ActiveRecord: 0.0ms)


